<?xml version="1.0" encoding="UTF-8"?>
<!-- Generated by org.testng.reporters.JUnitReportReporter -->
<testsuite hostname="SilentBob" failures="0" tests="1" name="ai.djl.serving.ModelServerTest" time="1.432" errors="0" timestamp="2021-02-05T11:07:02 GMT" skipped="0">
  <testcase classname="ai.djl.serving.ModelServerTest" name="test" time="1.432"/>
  <system-out/>
</testsuite> <!-- ai.djl.serving.ModelServerTest -->
