<?xml version="1.0" encoding="UTF-8"?>
<!-- Generated by org.testng.reporters.JUnitReportReporter -->
<testsuite hostname="SilentBob" failures="0" tests="1" name="ai.djl.serving.ServerInitializerTest" time="0.076" errors="0" timestamp="2021-06-11T16:46:48 BST" skipped="0">
  <testcase classname="ai.djl.serving.ServerInitializerTest" name="testServerInitializer" time="0.076"/>
  <system-out/>
</testsuite> <!-- ai.djl.serving.ServerInitializerTest -->
