<?xml version="1.0" encoding="UTF-8"?>
<!-- Generated by org.testng.reporters.JUnitReportReporter -->
<testsuite hostname="SilentBob" failures="0" tests="1" name="ai.djl.serving.wlm.WorkerIdGeneratorTest" time="0.001" errors="0" timestamp="2021-06-11T16:46:48 BST" skipped="0">
  <testcase classname="ai.djl.serving.wlm.WorkerIdGeneratorTest" name="testGeneration" time="0.001"/>
  <system-out/>
</testsuite> <!-- ai.djl.serving.wlm.WorkerIdGeneratorTest -->
