<?xml version="1.0" encoding="UTF-8"?>
<!-- Generated by org.testng.reporters.JUnitReportReporter -->
<testsuite hostname="SilentBob" failures="0" tests="2" name="ai.djl.serving.ConnectorTest" time="0.005" errors="0" timestamp="2021-06-11T16:46:48 BST" skipped="0">
  <testcase classname="ai.djl.serving.ConnectorTest" name="testConnector" time="0.003"/>
  <system-out/>
  <testcase classname="ai.djl.serving.ConnectorTest" name="testInvalidPort" time="0.002"/>
  <system-out/>
</testsuite> <!-- ai.djl.serving.ConnectorTest -->
