<?xml version="1.0" encoding="UTF-8"?>
<!-- Generated by org.testng.reporters.JUnitReportReporter -->
<testsuite hostname="SilentBob" failures="0" tests="1" name="ai.djl.serving.wlm.ModelInfoTest" time="0.000" errors="0" timestamp="2021-06-11T16:46:48 BST" skipped="0">
  <testcase classname="ai.djl.serving.wlm.ModelInfoTest" name="testQueueSizeIsSet" time="0.000"/>
  <system-out/>
</testsuite> <!-- ai.djl.serving.wlm.ModelInfoTest -->
